<?xml version="1.0" encoding="UTF-8"?>
<!-- Generated by org.testng.reporters.JUnitReportReporter -->
<testsuite hostname="DESKTOP-HO0I41J" failures="0" tests="1" name="test.CalculatorFormAccessTest" time="26.514" errors="0" timestamp="2021-01-11T13:01:34 MSK" skipped="0">
  <testcase classname="test.CalculatorFormAccessTest" name="verifyThatFirstFormFilledCorrect" time="26.514"/>
  <system-out/>
</testsuite> <!-- test.CalculatorFormAccessTest -->
