<?xml version="1.0" encoding="UTF-8"?>
<!-- Generated by org.testng.reporters.JUnitReportReporter -->
<testsuite hostname="DESKTOP-HO0I41J" failures="0" tests="2" name="test.CalculatorFormAccessTest" time="48.001" errors="0" timestamp="2021-01-11T14:03:53 MSK" skipped="0">
  <testcase classname="test.CalculatorFormAccessTest" name="verifyThatFirstFormFilledCorrect" time="21.894"/>
  <system-out/>
  <testcase classname="test.CalculatorFormAccessTest" name="verifyThatBothFormsFilledCorrect" time="26.107"/>
  <system-out/>
</testsuite> <!-- test.CalculatorFormAccessTest -->
